<?xml version="1.0" encoding="UTF-8"?>
<!-- Generated by org.testng.reporters.JUnitXMLReporter -->
<testsuite ignored="0" hostname="LTIN264696" failures="0" tests="3" name="Test1" time="177.529" errors="0" timestamp="2024-02-12T19:01:09 IST">
  <testcase classname="TestCases.TC_001_Displaylowestcab" name="displaycab" time="74.458"/>
  <testcase classname="TestCases.TC_002_Giftcards" name="giftcards" time="48.377"/>
  <testcase classname="TestCases.TC_003_Hotels" name="Hotels" time="16.248"/>
</testsuite> <!-- Test1 -->
