<?xml version="1.0" encoding="UTF-8"?>
<testng-results ignored="0" total="3" passed="3" failed="0" skipped="0">
  <reporter-output>
  </reporter-output>
  <suite started-at="2024-02-12T18:58:10 IST" name="Suite" finished-at="2024-02-12T19:01:08 IST" duration-ms="177529">
    <groups>
    </groups>
    <test started-at="2024-02-12T18:58:10 IST" name="Test1" finished-at="2024-02-12T19:01:08 IST" duration-ms="177529">
      <class name="TestCases.TC_003_Hotels">
        <test-method is-config="true" signature="setUp(java.lang.String,java.lang.String)[pri:0, instance:TestCases.TC_003_Hotels@515aebb0]" started-at="2024-02-12T18:58:11 IST" name="setUp" finished-at="2024-02-12T18:58:49 IST" duration-ms="37728" status="PASS">
          <params>
            <param index="0">
              <value>
                <![CDATA[Windows]]>
              </value>
            </param>
            <param index="1">
              <value>
                <![CDATA[chrome]]>
              </value>
            </param>
          </params>
          <reporter-output>
          </reporter-output>
        </test-method> <!-- setUp -->
        <test-method signature="displaycab()[pri:1, instance:TestCases.TC_003_Hotels@515aebb0]" started-at="2024-02-12T18:58:49 IST" name="displaycab" finished-at="2024-02-12T19:00:03 IST" duration-ms="74458" status="PASS">
          <reporter-output>
          </reporter-output>
        </test-method> <!-- displaycab -->
        <test-method signature="giftcards()[pri:2, instance:TestCases.TC_003_Hotels@515aebb0]" started-at="2024-02-12T19:00:03 IST" name="giftcards" finished-at="2024-02-12T19:00:52 IST" duration-ms="48377" status="PASS">
          <reporter-output>
          </reporter-output>
        </test-method> <!-- giftcards -->
        <test-method signature="Hotels()[pri:3, instance:TestCases.TC_003_Hotels@515aebb0]" started-at="2024-02-12T19:00:52 IST" name="Hotels" finished-at="2024-02-12T19:01:08 IST" duration-ms="16248" status="PASS">
          <reporter-output>
          </reporter-output>
        </test-method> <!-- Hotels -->
        <test-method is-config="true" signature="tearDown()[pri:0, instance:TestCases.TC_003_Hotels@515aebb0]" started-at="2024-02-12T19:01:08 IST" name="tearDown" finished-at="2024-02-12T19:01:08 IST" duration-ms="0" status="PASS">
          <reporter-output>
          </reporter-output>
        </test-method> <!-- tearDown -->
      </class> <!-- TestCases.TC_003_Hotels -->
    </test> <!-- Test1 -->
  </suite> <!-- Suite -->
</testng-results>
